2023-07-24T10:50:47.912+05:30  INFO 23484 --- [restartedMain] c.m.api.SpringBootMavenApplication       : Starting SpringBootMavenApplication using Java 17.0.6 with PID 23484 (C:\Users\pratikw\Documents\workspace-spring-tool-suite-4-4.18.0.RELEASE\SpringBootMaven\target\classes started by pratikw in C:\Users\pratikw\Documents\workspace-spring-tool-suite-4-4.18.0.RELEASE\SpringBootMaven)
2023-07-24T10:50:47.915+05:30  INFO 23484 --- [restartedMain] c.m.api.SpringBootMavenApplication       : No active profile set, falling back to 1 default profile: "default"
2023-07-24T10:50:47.969+05:30  INFO 23484 --- [restartedMain] .e.DevToolsPropertyDefaultsPostProcessor : Devtools property defaults active! Set 'spring.devtools.add-properties' to 'false' to disable
2023-07-24T10:50:47.969+05:30  INFO 23484 --- [restartedMain] .e.DevToolsPropertyDefaultsPostProcessor : For additional web related logging consider setting the 'logging.level.web' property to 'DEBUG'
2023-07-24T10:50:48.835+05:30  INFO 23484 --- [restartedMain] .s.d.r.c.RepositoryConfigurationDelegate : Bootstrapping Spring Data JPA repositories in DEFAULT mode.
2023-07-24T10:50:48.861+05:30  INFO 23484 --- [restartedMain] .s.d.r.c.RepositoryConfigurationDelegate : Finished Spring Data repository scanning in 13 ms. Found 0 JPA repository interfaces.
2023-07-24T10:50:49.427+05:30  INFO 23484 --- [restartedMain] o.s.b.w.embedded.tomcat.TomcatWebServer  : Tomcat initialized with port(s): 8080 (http)
2023-07-24T10:50:49.441+05:30  INFO 23484 --- [restartedMain] o.apache.catalina.core.StandardService   : Starting service [Tomcat]
2023-07-24T10:50:49.441+05:30  INFO 23484 --- [restartedMain] o.apache.catalina.core.StandardEngine    : Starting Servlet engine: [Apache Tomcat/10.1.10]
2023-07-24T10:50:49.532+05:30  INFO 23484 --- [restartedMain] o.a.c.c.C.[Tomcat].[localhost].[/]       : Initializing Spring embedded WebApplicationContext
2023-07-24T10:50:49.532+05:30  INFO 23484 --- [restartedMain] w.s.c.ServletWebServerApplicationContext : Root WebApplicationContext: initialization completed in 1563 ms
2023-07-24T10:50:49.758+05:30  INFO 23484 --- [restartedMain] com.zaxxer.hikari.HikariDataSource       : HikariPool-1 - Starting...
2023-07-24T10:50:49.874+05:30  INFO 23484 --- [restartedMain] com.zaxxer.hikari.pool.PoolBase          : HikariPool-1 - Driver does not support get/set network timeout for connections. (Receiver class org.h2.jdbc.JdbcConnection does not define or inherit an implementation of the resolved method 'abstract int getNetworkTimeout()' of interface java.sql.Connection.)
2023-07-24T10:50:49.883+05:30  INFO 23484 --- [restartedMain] com.zaxxer.hikari.pool.HikariPool        : HikariPool-1 - Added connection conn0: url=jdbc:h2:mem:8ae32429-1cfe-44b7-87cf-16a488d546f5 user=SA
2023-07-24T10:50:49.886+05:30  INFO 23484 --- [restartedMain] com.zaxxer.hikari.HikariDataSource       : HikariPool-1 - Start completed.
2023-07-24T10:50:49.944+05:30  INFO 23484 --- [restartedMain] o.hibernate.jpa.internal.util.LogHelper  : HHH000204: Processing PersistenceUnitInfo [name: default]
2023-07-24T10:50:50.023+05:30  INFO 23484 --- [restartedMain] org.hibernate.Version                    : HHH000412: Hibernate ORM core version 6.2.5.Final
2023-07-24T10:50:50.024+05:30  INFO 23484 --- [restartedMain] org.hibernate.cfg.Environment            : HHH000406: Using bytecode reflection optimizer
2023-07-24T10:50:50.173+05:30  INFO 23484 --- [restartedMain] o.h.b.i.BytecodeProviderInitiator        : HHH000021: Bytecode provider name : bytebuddy
2023-07-24T10:50:50.319+05:30  INFO 23484 --- [restartedMain] o.s.o.j.p.SpringPersistenceUnitInfo      : No LoadTimeWeaver setup: ignoring JPA class transformer
2023-07-24T10:50:50.376+05:30  WARN 23484 --- [restartedMain] org.hibernate.dialect.Dialect            : HHH000511: The 1.3.156 version for [org.hibernate.dialect.H2Dialect] is no longer supported, hence certain features may not work properly. The minimum supported version is 1.4.197. Check the community dialects project for available legacy versions.
2023-07-24T10:50:50.479+05:30  INFO 23484 --- [restartedMain] o.h.b.i.BytecodeProviderInitiator        : HHH000021: Bytecode provider name : bytebuddy
2023-07-24T10:50:50.728+05:30  INFO 23484 --- [restartedMain] o.h.e.t.j.p.i.JtaPlatformInitiator       : HHH000490: Using JtaPlatform implementation: [org.hibernate.engine.transaction.jta.platform.internal.NoJtaPlatform]
2023-07-24T10:50:50.737+05:30  INFO 23484 --- [restartedMain] j.LocalContainerEntityManagerFactoryBean : Initialized JPA EntityManagerFactory for persistence unit 'default'
2023-07-24T10:50:50.774+05:30  WARN 23484 --- [restartedMain] JpaBaseConfiguration$JpaWebConfiguration : spring.jpa.open-in-view is enabled by default. Therefore, database queries may be performed during view rendering. Explicitly configure spring.jpa.open-in-view to disable this warning
2023-07-24T10:50:51.257+05:30  INFO 23484 --- [restartedMain] o.s.b.d.a.OptionalLiveReloadServer       : LiveReload server is running on port 35729
2023-07-24T10:50:51.263+05:30  INFO 23484 --- [restartedMain] o.s.b.a.e.web.EndpointLinksResolver      : Exposing 1 endpoint(s) beneath base path '/actuator'
2023-07-24T10:50:51.337+05:30  INFO 23484 --- [restartedMain] o.s.b.w.embedded.tomcat.TomcatWebServer  : Tomcat started on port(s): 8080 (http) with context path ''
2023-07-24T10:50:51.353+05:30  INFO 23484 --- [restartedMain] c.m.api.SpringBootMavenApplication       : Started SpringBootMavenApplication in 3.883 seconds (process running for 4.554)
2023-07-24T10:50:51.358+05:30 ERROR 23484 --- [restartedMain] ringBootMavenApplication$$SpringCGLIB$$0 : This is a error message
2023-07-24T10:50:51.358+05:30  INFO 23484 --- [restartedMain] ringBootMavenApplication$$SpringCGLIB$$0 : This is info
2023-07-24T10:50:51.359+05:30  WARN 23484 --- [restartedMain] ringBootMavenApplication$$SpringCGLIB$$0 : This is warning
2023-07-24T10:50:52.446+05:30  INFO 23484 --- [RMI TCP Connection(11)-127.0.0.1] o.a.c.c.C.[Tomcat].[localhost].[/]       : Initializing Spring DispatcherServlet 'dispatcherServlet'
2023-07-24T10:50:52.446+05:30  INFO 23484 --- [RMI TCP Connection(11)-127.0.0.1] o.s.web.servlet.DispatcherServlet        : Initializing Servlet 'dispatcherServlet'
2023-07-24T10:50:52.448+05:30  INFO 23484 --- [RMI TCP Connection(11)-127.0.0.1] o.s.web.servlet.DispatcherServlet        : Completed initialization in 1 ms
2023-07-24T10:51:40.772+05:30  INFO 23484 --- [File Watcher] rtingClassPathChangeChangedEventListener : Restarting due to 9 class path changes (0 additions, 9 deletions, 0 modifications)
2023-07-24T10:51:40.792+05:30  INFO 23484 --- [Thread-5] o.apache.catalina.core.StandardService   : Stopping service [Tomcat]
2023-07-24T10:51:40.796+05:30  INFO 23484 --- [Thread-5] o.a.c.c.C.[Tomcat].[localhost].[/]       : Destroying Spring FrameworkServlet 'dispatcherServlet'
2023-07-24T10:51:40.814+05:30  INFO 23484 --- [Thread-5] j.LocalContainerEntityManagerFactoryBean : Closing JPA EntityManagerFactory for persistence unit 'default'
2023-07-24T10:51:40.836+05:30  WARN 23484 --- [Thread-5] o.s.b.f.support.DisposableBeanAdapter    : Invocation of destroy method failed on bean with name 'inMemoryDatabaseShutdownExecutor': org.h2.jdbc.JdbcSQLException: Database is already closed (to disable automatic closing at VM shutdown, add ";DB_CLOSE_ON_EXIT=FALSE" to the db URL) [90121-156]
2023-07-24T10:51:40.836+05:30  INFO 23484 --- [Thread-5] com.zaxxer.hikari.HikariDataSource       : HikariPool-1 - Shutdown initiated...
2023-07-24T10:51:40.839+05:30  INFO 23484 --- [Thread-5] com.zaxxer.hikari.HikariDataSource       : HikariPool-1 - Shutdown completed.
2023-07-24T11:00:34.618+05:30  INFO 22724 --- [restartedMain] c.m.api.SpringBootMavenApplication       : Starting SpringBootMavenApplication using Java 17.0.6 with PID 22724 (C:\Users\pratikw\Documents\workspace-spring-tool-suite-4-4.18.0.RELEASE\SpringBootMaven\target\classes started by pratikw in C:\Users\pratikw\Documents\workspace-spring-tool-suite-4-4.18.0.RELEASE\SpringBootMaven)
2023-07-24T11:00:34.622+05:30  INFO 22724 --- [restartedMain] c.m.api.SpringBootMavenApplication       : No active profile set, falling back to 1 default profile: "default"
2023-07-24T11:00:34.708+05:30  INFO 22724 --- [restartedMain] .e.DevToolsPropertyDefaultsPostProcessor : Devtools property defaults active! Set 'spring.devtools.add-properties' to 'false' to disable
2023-07-24T11:00:34.708+05:30  INFO 22724 --- [restartedMain] .e.DevToolsPropertyDefaultsPostProcessor : For additional web related logging consider setting the 'logging.level.web' property to 'DEBUG'
2023-07-24T11:00:35.602+05:30  INFO 22724 --- [restartedMain] .s.d.r.c.RepositoryConfigurationDelegate : Bootstrapping Spring Data JPA repositories in DEFAULT mode.
2023-07-24T11:00:35.628+05:30  INFO 22724 --- [restartedMain] .s.d.r.c.RepositoryConfigurationDelegate : Finished Spring Data repository scanning in 12 ms. Found 0 JPA repository interfaces.
2023-07-24T11:00:36.150+05:30  INFO 22724 --- [restartedMain] o.s.b.w.embedded.tomcat.TomcatWebServer  : Tomcat initialized with port(s): 8080 (http)
2023-07-24T11:00:36.161+05:30  INFO 22724 --- [restartedMain] o.apache.catalina.core.StandardService   : Starting service [Tomcat]
2023-07-24T11:00:36.161+05:30  INFO 22724 --- [restartedMain] o.apache.catalina.core.StandardEngine    : Starting Servlet engine: [Apache Tomcat/10.1.10]
2023-07-24T11:00:36.234+05:30  INFO 22724 --- [restartedMain] o.a.c.c.C.[Tomcat].[localhost].[/]       : Initializing Spring embedded WebApplicationContext
2023-07-24T11:00:36.234+05:30  INFO 22724 --- [restartedMain] w.s.c.ServletWebServerApplicationContext : Root WebApplicationContext: initialization completed in 1525 ms
2023-07-24T11:00:36.428+05:30  INFO 22724 --- [restartedMain] com.zaxxer.hikari.HikariDataSource       : HikariPool-1 - Starting...
2023-07-24T11:00:36.523+05:30  INFO 22724 --- [restartedMain] com.zaxxer.hikari.pool.PoolBase          : HikariPool-1 - Driver does not support get/set network timeout for connections. (Receiver class org.h2.jdbc.JdbcConnection does not define or inherit an implementation of the resolved method 'abstract int getNetworkTimeout()' of interface java.sql.Connection.)
2023-07-24T11:00:36.529+05:30  INFO 22724 --- [restartedMain] com.zaxxer.hikari.pool.HikariPool        : HikariPool-1 - Added connection conn0: url=jdbc:h2:mem:6a144436-7163-4376-8975-2c2a19bb8337 user=SA
2023-07-24T11:00:36.531+05:30  INFO 22724 --- [restartedMain] com.zaxxer.hikari.HikariDataSource       : HikariPool-1 - Start completed.
2023-07-24T11:00:36.577+05:30  INFO 22724 --- [restartedMain] o.hibernate.jpa.internal.util.LogHelper  : HHH000204: Processing PersistenceUnitInfo [name: default]
2023-07-24T11:00:36.673+05:30  INFO 22724 --- [restartedMain] org.hibernate.Version                    : HHH000412: Hibernate ORM core version 6.2.5.Final
2023-07-24T11:00:36.676+05:30  INFO 22724 --- [restartedMain] org.hibernate.cfg.Environment            : HHH000406: Using bytecode reflection optimizer
2023-07-24T11:00:36.880+05:30  INFO 22724 --- [restartedMain] o.h.b.i.BytecodeProviderInitiator        : HHH000021: Bytecode provider name : bytebuddy
2023-07-24T11:00:37.048+05:30  INFO 22724 --- [restartedMain] o.s.o.j.p.SpringPersistenceUnitInfo      : No LoadTimeWeaver setup: ignoring JPA class transformer
2023-07-24T11:00:37.117+05:30  WARN 22724 --- [restartedMain] org.hibernate.dialect.Dialect            : HHH000511: The 1.3.156 version for [org.hibernate.dialect.H2Dialect] is no longer supported, hence certain features may not work properly. The minimum supported version is 1.4.197. Check the community dialects project for available legacy versions.
2023-07-24T11:00:37.237+05:30  INFO 22724 --- [restartedMain] o.h.b.i.BytecodeProviderInitiator        : HHH000021: Bytecode provider name : bytebuddy
2023-07-24T11:00:37.489+05:30  INFO 22724 --- [restartedMain] o.h.e.t.j.p.i.JtaPlatformInitiator       : HHH000490: Using JtaPlatform implementation: [org.hibernate.engine.transaction.jta.platform.internal.NoJtaPlatform]
2023-07-24T11:00:37.497+05:30  INFO 22724 --- [restartedMain] j.LocalContainerEntityManagerFactoryBean : Initialized JPA EntityManagerFactory for persistence unit 'default'
2023-07-24T11:00:37.539+05:30  WARN 22724 --- [restartedMain] JpaBaseConfiguration$JpaWebConfiguration : spring.jpa.open-in-view is enabled by default. Therefore, database queries may be performed during view rendering. Explicitly configure spring.jpa.open-in-view to disable this warning
2023-07-24T11:00:38.028+05:30  INFO 22724 --- [restartedMain] o.s.b.d.a.OptionalLiveReloadServer       : LiveReload server is running on port 35729
2023-07-24T11:00:38.033+05:30  INFO 22724 --- [restartedMain] o.s.b.a.e.web.EndpointLinksResolver      : Exposing 1 endpoint(s) beneath base path '/actuator'
2023-07-24T11:00:38.114+05:30  INFO 22724 --- [restartedMain] o.s.b.w.embedded.tomcat.TomcatWebServer  : Tomcat started on port(s): 8080 (http) with context path ''
2023-07-24T11:00:38.129+05:30  INFO 22724 --- [restartedMain] c.m.api.SpringBootMavenApplication       : Started SpringBootMavenApplication in 4.033 seconds (process running for 4.794)
2023-07-24T11:00:38.136+05:30 ERROR 22724 --- [restartedMain] ringBootMavenApplication$$SpringCGLIB$$0 : This is a error message
2023-07-24T11:00:38.136+05:30  INFO 22724 --- [restartedMain] ringBootMavenApplication$$SpringCGLIB$$0 : This is info
2023-07-24T11:00:38.136+05:30  WARN 22724 --- [restartedMain] ringBootMavenApplication$$SpringCGLIB$$0 : This is warning
2023-07-24T11:00:39.273+05:30  INFO 22724 --- [RMI TCP Connection(10)-127.0.0.1] o.a.c.c.C.[Tomcat].[localhost].[/]       : Initializing Spring DispatcherServlet 'dispatcherServlet'
2023-07-24T11:00:39.273+05:30  INFO 22724 --- [RMI TCP Connection(10)-127.0.0.1] o.s.web.servlet.DispatcherServlet        : Initializing Servlet 'dispatcherServlet'
2023-07-24T11:00:39.275+05:30  INFO 22724 --- [RMI TCP Connection(10)-127.0.0.1] o.s.web.servlet.DispatcherServlet        : Completed initialization in 2 ms
2023-07-24T11:09:12.932+05:30  INFO 22724 --- [RMI TCP Connection(21)-127.0.0.1] inMXBeanRegistrar$SpringApplicationAdmin : Application shutdown requested.
2023-07-24T11:09:12.946+05:30  INFO 22724 --- [RMI TCP Connection(21)-127.0.0.1] o.apache.catalina.core.StandardService   : Stopping service [Tomcat]
2023-07-24T11:09:12.947+05:30  INFO 22724 --- [RMI TCP Connection(21)-127.0.0.1] o.a.c.c.C.[Tomcat].[localhost].[/]       : Destroying Spring FrameworkServlet 'dispatcherServlet'
2023-07-24T11:09:12.957+05:30  INFO 22724 --- [RMI TCP Connection(21)-127.0.0.1] j.LocalContainerEntityManagerFactoryBean : Closing JPA EntityManagerFactory for persistence unit 'default'
2023-07-24T11:09:12.967+05:30  WARN 22724 --- [RMI TCP Connection(21)-127.0.0.1] o.s.b.f.support.DisposableBeanAdapter    : Invocation of destroy method failed on bean with name 'inMemoryDatabaseShutdownExecutor': org.h2.jdbc.JdbcSQLException: Database is already closed (to disable automatic closing at VM shutdown, add ";DB_CLOSE_ON_EXIT=FALSE" to the db URL) [90121-156]
2023-07-24T11:09:12.968+05:30  INFO 22724 --- [RMI TCP Connection(21)-127.0.0.1] com.zaxxer.hikari.HikariDataSource       : HikariPool-1 - Shutdown initiated...
2023-07-24T11:09:12.970+05:30  INFO 22724 --- [RMI TCP Connection(21)-127.0.0.1] com.zaxxer.hikari.HikariDataSource       : HikariPool-1 - Shutdown completed.
2023-07-24T11:15:23.885+05:30  INFO 22176 --- [restartedMain] c.m.api.SpringBootMavenApplication       : Starting SpringBootMavenApplication using Java 17.0.6 with PID 22176 (C:\Users\pratikw\Documents\workspace-spring-tool-suite-4-4.18.0.RELEASE\SpringBootMaven\target\classes started by pratikw in C:\Users\pratikw\Documents\workspace-spring-tool-suite-4-4.18.0.RELEASE\SpringBootMaven)
2023-07-24T11:15:23.888+05:30  INFO 22176 --- [restartedMain] c.m.api.SpringBootMavenApplication       : No active profile set, falling back to 1 default profile: "default"
2023-07-24T11:15:23.970+05:30  INFO 22176 --- [restartedMain] .e.DevToolsPropertyDefaultsPostProcessor : Devtools property defaults active! Set 'spring.devtools.add-properties' to 'false' to disable
2023-07-24T11:15:23.970+05:30  INFO 22176 --- [restartedMain] .e.DevToolsPropertyDefaultsPostProcessor : For additional web related logging consider setting the 'logging.level.web' property to 'DEBUG'
2023-07-24T11:15:25.067+05:30  INFO 22176 --- [restartedMain] .s.d.r.c.RepositoryConfigurationDelegate : Bootstrapping Spring Data JPA repositories in DEFAULT mode.
2023-07-24T11:15:25.107+05:30  INFO 22176 --- [restartedMain] .s.d.r.c.RepositoryConfigurationDelegate : Finished Spring Data repository scanning in 23 ms. Found 0 JPA repository interfaces.
2023-07-24T11:15:25.816+05:30  INFO 22176 --- [restartedMain] o.s.b.w.embedded.tomcat.TomcatWebServer  : Tomcat initialized with port(s): 8080 (http)
2023-07-24T11:15:25.849+05:30  INFO 22176 --- [restartedMain] o.apache.catalina.core.StandardService   : Starting service [Tomcat]
2023-07-24T11:15:25.850+05:30  INFO 22176 --- [restartedMain] o.apache.catalina.core.StandardEngine    : Starting Servlet engine: [Apache Tomcat/10.1.10]
2023-07-24T11:15:25.946+05:30  INFO 22176 --- [restartedMain] o.a.c.c.C.[Tomcat].[localhost].[/]       : Initializing Spring embedded WebApplicationContext
2023-07-24T11:15:25.947+05:30  INFO 22176 --- [restartedMain] w.s.c.ServletWebServerApplicationContext : Root WebApplicationContext: initialization completed in 1975 ms
2023-07-24T11:15:26.182+05:30  INFO 22176 --- [restartedMain] com.zaxxer.hikari.HikariDataSource       : HikariPool-1 - Starting...
2023-07-24T11:15:26.311+05:30  INFO 22176 --- [restartedMain] com.zaxxer.hikari.pool.PoolBase          : HikariPool-1 - Driver does not support get/set network timeout for connections. (Receiver class org.h2.jdbc.JdbcConnection does not define or inherit an implementation of the resolved method 'abstract int getNetworkTimeout()' of interface java.sql.Connection.)
2023-07-24T11:15:26.318+05:30  INFO 22176 --- [restartedMain] com.zaxxer.hikari.pool.HikariPool        : HikariPool-1 - Added connection conn0: url=jdbc:h2:mem:c016c5e5-15d2-4502-8576-ff56bbd59437 user=SA
2023-07-24T11:15:26.321+05:30  INFO 22176 --- [restartedMain] com.zaxxer.hikari.HikariDataSource       : HikariPool-1 - Start completed.
2023-07-24T11:15:26.388+05:30  INFO 22176 --- [restartedMain] o.hibernate.jpa.internal.util.LogHelper  : HHH000204: Processing PersistenceUnitInfo [name: default]
2023-07-24T11:15:26.497+05:30  INFO 22176 --- [restartedMain] org.hibernate.Version                    : HHH000412: Hibernate ORM core version 6.2.5.Final
2023-07-24T11:15:26.501+05:30  INFO 22176 --- [restartedMain] org.hibernate.cfg.Environment            : HHH000406: Using bytecode reflection optimizer
2023-07-24T11:15:26.705+05:30  INFO 22176 --- [restartedMain] o.h.b.i.BytecodeProviderInitiator        : HHH000021: Bytecode provider name : bytebuddy
2023-07-24T11:15:26.904+05:30  INFO 22176 --- [restartedMain] o.s.o.j.p.SpringPersistenceUnitInfo      : No LoadTimeWeaver setup: ignoring JPA class transformer
2023-07-24T11:15:26.986+05:30  WARN 22176 --- [restartedMain] org.hibernate.dialect.Dialect            : HHH000511: The 1.3.156 version for [org.hibernate.dialect.H2Dialect] is no longer supported, hence certain features may not work properly. The minimum supported version is 1.4.197. Check the community dialects project for available legacy versions.
2023-07-24T11:15:27.129+05:30  INFO 22176 --- [restartedMain] o.h.b.i.BytecodeProviderInitiator        : HHH000021: Bytecode provider name : bytebuddy
2023-07-24T11:15:27.411+05:30  INFO 22176 --- [restartedMain] o.h.e.t.j.p.i.JtaPlatformInitiator       : HHH000490: Using JtaPlatform implementation: [org.hibernate.engine.transaction.jta.platform.internal.NoJtaPlatform]
2023-07-24T11:15:27.420+05:30  INFO 22176 --- [restartedMain] j.LocalContainerEntityManagerFactoryBean : Initialized JPA EntityManagerFactory for persistence unit 'default'
2023-07-24T11:15:27.484+05:30  WARN 22176 --- [restartedMain] JpaBaseConfiguration$JpaWebConfiguration : spring.jpa.open-in-view is enabled by default. Therefore, database queries may be performed during view rendering. Explicitly configure spring.jpa.open-in-view to disable this warning
2023-07-24T11:15:27.990+05:30  INFO 22176 --- [restartedMain] o.s.b.d.a.OptionalLiveReloadServer       : LiveReload server is running on port 35729
2023-07-24T11:15:27.998+05:30  INFO 22176 --- [restartedMain] o.s.b.a.e.web.EndpointLinksResolver      : Exposing 1 endpoint(s) beneath base path '/actuator'
2023-07-24T11:15:28.093+05:30  INFO 22176 --- [restartedMain] o.s.b.w.embedded.tomcat.TomcatWebServer  : Tomcat started on port(s): 8080 (http) with context path ''
2023-07-24T11:15:28.110+05:30  INFO 22176 --- [restartedMain] c.m.api.SpringBootMavenApplication       : Started SpringBootMavenApplication in 4.843 seconds (process running for 5.698)
2023-07-24T11:15:28.120+05:30 ERROR 22176 --- [restartedMain] ringBootMavenApplication$$SpringCGLIB$$0 : This is a error message
2023-07-24T11:15:28.120+05:30  INFO 22176 --- [restartedMain] ringBootMavenApplication$$SpringCGLIB$$0 : This is info
2023-07-24T11:15:28.120+05:30  WARN 22176 --- [restartedMain] ringBootMavenApplication$$SpringCGLIB$$0 : This is warning
2023-07-24T11:15:29.344+05:30  INFO 22176 --- [RMI TCP Connection(11)-127.0.0.1] o.a.c.c.C.[Tomcat].[localhost].[/]       : Initializing Spring DispatcherServlet 'dispatcherServlet'
2023-07-24T11:15:29.345+05:30  INFO 22176 --- [RMI TCP Connection(11)-127.0.0.1] o.s.web.servlet.DispatcherServlet        : Initializing Servlet 'dispatcherServlet'
2023-07-24T11:15:29.346+05:30  INFO 22176 --- [RMI TCP Connection(11)-127.0.0.1] o.s.web.servlet.DispatcherServlet        : Completed initialization in 1 ms
2023-07-24T11:17:09.035+05:30  INFO 22176 --- [RMI TCP Connection(13)-127.0.0.1] inMXBeanRegistrar$SpringApplicationAdmin : Application shutdown requested.
2023-07-24T11:17:09.047+05:30  INFO 22176 --- [RMI TCP Connection(13)-127.0.0.1] o.apache.catalina.core.StandardService   : Stopping service [Tomcat]
2023-07-24T11:17:09.049+05:30  INFO 22176 --- [RMI TCP Connection(13)-127.0.0.1] o.a.c.c.C.[Tomcat].[localhost].[/]       : Destroying Spring FrameworkServlet 'dispatcherServlet'
2023-07-24T11:17:09.061+05:30  INFO 22176 --- [RMI TCP Connection(13)-127.0.0.1] j.LocalContainerEntityManagerFactoryBean : Closing JPA EntityManagerFactory for persistence unit 'default'
2023-07-24T11:17:09.077+05:30  WARN 22176 --- [RMI TCP Connection(13)-127.0.0.1] o.s.b.f.support.DisposableBeanAdapter    : Invocation of destroy method failed on bean with name 'inMemoryDatabaseShutdownExecutor': org.h2.jdbc.JdbcSQLException: Database is already closed (to disable automatic closing at VM shutdown, add ";DB_CLOSE_ON_EXIT=FALSE" to the db URL) [90121-156]
2023-07-24T11:17:09.078+05:30  INFO 22176 --- [RMI TCP Connection(13)-127.0.0.1] com.zaxxer.hikari.HikariDataSource       : HikariPool-1 - Shutdown initiated...
2023-07-24T11:17:09.081+05:30  INFO 22176 --- [RMI TCP Connection(13)-127.0.0.1] com.zaxxer.hikari.HikariDataSource       : HikariPool-1 - Shutdown completed.
